<?xml version='1.0' encoding='UTF-8' ?>
<testsuite name="com.example.chatgpt.ExampleInstrumentedTest" tests="1" failures="0" errors="0" skipped="0" time="0.571" timestamp="2023-03-20T05:43:52" hostname="localhost">
  <properties>
    <property name="device" value="Pixel_4a_API_31(AVD) - 12" />
    <property name="flavor" value="" />
    <property name="project" value=":app" />
  </properties>
  <testcase name="useAppContext" classname="com.example.chatgpt.ExampleInstrumentedTest" time="0.029" />
</testsuite>